2026-04-18 17:26:30 - stock_crawler - INFO - ==================================================
2026-04-18 17:26:30 - stock_crawler - INFO - 股票新闻爬虫启动
2026-04-18 17:26:30 - stock_crawler - INFO - ==================================================
2026-04-18 17:26:30 - src.utils.helpers - WARNING - ⚠️ 未找到股票列表文件，使用默认列表（49只股票）
💡 提示：请在以下路径配置股票列表:
   - D:\python\stock_news_crawler\data\raw\stock_list.txt
   - D:\python\stock_news_crawler\data\raw\stock_list.xlsx
2026-04-18 17:26:30 - stock_crawler - INFO - 📊 已有新闻：0 条 | 目标股票：49 只

2026-04-18 17:26:30 - src.crawler.news_fetcher - INFO - 🆕 000001 爬取新闻列表...
2026-04-18 17:26:30 - src.crawler.news_fetcher - INFO - ⚡ 000001 正在爬取 10 条正文...
2026-04-18 17:26:31 - src.crawler.news_fetcher - INFO - ✅ 000001 新增 10 条
2026-04-18 17:26:31 - src.crawler.news_fetcher - INFO - 🆕 000002 爬取新闻列表...
2026-04-18 17:26:32 - src.crawler.news_fetcher - INFO - ⚡ 000002 正在爬取 10 条正文...
2026-04-18 17:26:33 - src.crawler.news_fetcher - INFO - ✅ 000002 新增 10 条
2026-04-18 17:26:33 - src.crawler.news_fetcher - INFO - 🆕 000006 爬取新闻列表...
2026-04-18 17:26:33 - src.crawler.news_fetcher - INFO - ⚡ 000006 正在爬取 7 条正文...
2026-04-18 17:26:34 - src.crawler.news_fetcher - INFO - ✅ 000006 新增 7 条
2026-04-18 17:26:35 - src.crawler.news_fetcher - INFO - 🆕 000007 爬取新闻列表...
2026-04-18 17:26:35 - src.crawler.news_fetcher - INFO - ⚡ 000007 正在爬取 10 条正文...
2026-04-18 17:26:36 - src.crawler.news_fetcher - INFO - ✅ 000007 新增 10 条
2026-04-18 17:26:36 - src.crawler.news_fetcher - INFO - 🆕 000008 爬取新闻列表...
2026-04-18 17:26:36 - src.crawler.news_fetcher - INFO - ⚡ 000008 正在爬取 10 条正文...
2026-04-18 17:26:38 - src.crawler.news_fetcher - INFO - ✅ 000008 新增 10 条
2026-04-18 17:26:38 - src.crawler.news_fetcher - INFO - 🆕 000009 爬取新闻列表...
2026-04-18 17:26:38 - src.crawler.news_fetcher - INFO - ⚡ 000009 正在爬取 10 条正文...
2026-04-18 17:26:39 - src.crawler.news_fetcher - INFO - ✅ 000009 新增 10 条
2026-04-18 17:26:40 - src.crawler.news_fetcher - INFO - 🆕 000010 爬取新闻列表...
2026-04-18 17:26:40 - src.crawler.news_fetcher - INFO - ⚡ 000010 正在爬取 10 条正文...
2026-04-18 17:26:41 - src.crawler.news_fetcher - INFO - ✅ 000010 新增 10 条
2026-04-18 17:26:41 - src.crawler.news_fetcher - INFO - 🆕 000011 爬取新闻列表...
2026-04-18 17:26:41 - src.crawler.news_fetcher - INFO - ⚡ 000011 正在爬取 7 条正文...
2026-04-18 17:26:42 - src.crawler.news_fetcher - INFO - ✅ 000011 新增 7 条
2026-04-18 17:26:43 - src.crawler.news_fetcher - INFO - 🆕 000012 爬取新闻列表...
2026-04-18 17:26:43 - src.crawler.news_fetcher - INFO - ⚡ 000012 正在爬取 10 条正文...
2026-04-18 17:26:44 - src.crawler.news_fetcher - INFO - ✅ 000012 新增 10 条
2026-04-18 17:26:44 - src.crawler.news_fetcher - INFO - 🆕 000014 爬取新闻列表...
2026-04-18 17:26:44 - src.crawler.news_fetcher - INFO - ⚡ 000014 正在爬取 7 条正文...
2026-04-18 17:26:45 - src.crawler.news_fetcher - INFO - ✅ 000014 新增 7 条
2026-04-18 17:26:46 - src.crawler.news_fetcher - INFO - 🆕 000016 爬取新闻列表...
2026-04-18 17:26:46 - src.crawler.news_fetcher - INFO - ⚡ 000016 正在爬取 10 条正文...
2026-04-18 17:26:47 - src.crawler.news_fetcher - INFO - ✅ 000016 新增 10 条
2026-04-18 17:26:47 - src.crawler.news_fetcher - INFO - 🆕 000017 爬取新闻列表...
2026-04-18 17:26:47 - src.crawler.news_fetcher - INFO - ⚡ 000017 正在爬取 10 条正文...
2026-04-18 17:26:49 - src.crawler.news_fetcher - INFO - ✅ 000017 新增 10 条
2026-04-18 17:26:49 - src.crawler.news_fetcher - INFO - 🆕 000019 爬取新闻列表...
2026-04-18 17:26:49 - src.crawler.news_fetcher - INFO - ⚡ 000019 正在爬取 10 条正文...
2026-04-18 17:26:50 - src.crawler.news_fetcher - INFO - ✅ 000019 新增 10 条
2026-04-18 17:26:51 - src.crawler.news_fetcher - INFO - 🆕 000020 爬取新闻列表...
2026-04-18 17:26:51 - src.crawler.news_fetcher - INFO - ⚡ 000020 正在爬取 10 条正文...
2026-04-18 17:26:52 - src.crawler.news_fetcher - INFO - ✅ 000020 新增 10 条
2026-04-18 17:26:52 - src.crawler.news_fetcher - INFO - 🆕 000021 爬取新闻列表...
2026-04-18 17:26:52 - src.crawler.news_fetcher - INFO - ⚡ 000021 正在爬取 10 条正文...
2026-04-18 17:26:54 - src.crawler.news_fetcher - INFO - ✅ 000021 新增 10 条
2026-04-18 17:26:54 - src.crawler.news_fetcher - INFO - 🆕 000025 爬取新闻列表...
2026-04-18 17:26:54 - src.crawler.news_fetcher - INFO - ⚡ 000025 正在爬取 10 条正文...
2026-04-18 17:26:56 - src.crawler.news_fetcher - INFO - ✅ 000025 新增 10 条
2026-04-18 17:26:56 - src.crawler.news_fetcher - INFO - 🆕 000026 爬取新闻列表...
2026-04-18 17:26:56 - src.crawler.news_fetcher - INFO - ⚡ 000026 正在爬取 7 条正文...
2026-04-18 17:26:57 - src.crawler.news_fetcher - INFO - ✅ 000026 新增 7 条
2026-04-18 17:26:57 - src.crawler.news_fetcher - INFO - 🆕 000027 爬取新闻列表...
2026-04-18 17:26:58 - src.crawler.news_fetcher - INFO - ⚡ 000027 正在爬取 9 条正文...
2026-04-18 17:26:59 - src.crawler.news_fetcher - INFO - ✅ 000027 新增 9 条
2026-04-18 17:26:59 - src.crawler.news_fetcher - INFO - 🆕 000028 爬取新闻列表...
2026-04-18 17:26:59 - src.crawler.news_fetcher - INFO - ⚡ 000028 正在爬取 10 条正文...
2026-04-18 17:27:00 - src.crawler.news_fetcher - INFO - ✅ 000028 新增 10 条
2026-04-18 17:27:01 - src.crawler.news_fetcher - INFO - 🆕 000029 爬取新闻列表...
2026-04-18 17:27:01 - src.crawler.news_fetcher - INFO - ⚡ 000029 正在爬取 7 条正文...
2026-04-18 17:27:03 - src.crawler.news_fetcher - INFO - ✅ 000029 新增 7 条
2026-04-18 17:27:03 - src.crawler.news_fetcher - INFO - 🆕 000030 爬取新闻列表...
2026-04-18 17:27:03 - src.crawler.news_fetcher - INFO - ⚡ 000030 正在爬取 9 条正文...
2026-04-18 17:27:05 - src.crawler.news_fetcher - INFO - ✅ 000030 新增 9 条
2026-04-18 17:27:05 - src.crawler.news_fetcher - INFO - 🆕 000031 爬取新闻列表...
2026-04-18 17:27:05 - src.crawler.news_fetcher - INFO - ⚡ 000031 正在爬取 4 条正文...
2026-04-18 17:27:06 - src.crawler.news_fetcher - INFO - ✅ 000031 新增 4 条
2026-04-18 17:27:06 - src.crawler.news_fetcher - INFO - 🆕 000032 爬取新闻列表...
2026-04-18 17:27:06 - src.crawler.news_fetcher - INFO - ⚡ 000032 正在爬取 10 条正文...
2026-04-18 17:27:08 - src.crawler.news_fetcher - INFO - ✅ 000032 新增 10 条
2026-04-18 17:27:08 - src.crawler.news_fetcher - INFO - 🆕 000034 爬取新闻列表...
2026-04-18 17:27:08 - src.crawler.news_fetcher - INFO - ⚡ 000034 正在爬取 9 条正文...
2026-04-18 17:27:09 - src.crawler.news_fetcher - INFO - ✅ 000034 新增 9 条
2026-04-18 17:27:10 - src.crawler.news_fetcher - INFO - 🆕 000035 爬取新闻列表...
2026-04-18 17:27:10 - src.crawler.news_fetcher - INFO - ⚡ 000035 正在爬取 8 条正文...
2026-04-18 17:27:11 - src.crawler.news_fetcher - INFO - ✅ 000035 新增 8 条
2026-04-18 17:27:11 - src.crawler.news_fetcher - INFO - 🆕 000036 爬取新闻列表...
2026-04-18 17:27:11 - src.crawler.news_fetcher - INFO - ⚡ 000036 正在爬取 7 条正文...
2026-04-18 17:27:12 - src.crawler.news_fetcher - INFO - ✅ 000036 新增 7 条
2026-04-18 17:27:13 - src.crawler.news_fetcher - INFO - 🆕 000037 爬取新闻列表...
2026-04-18 17:27:13 - src.crawler.news_fetcher - INFO - ⚡ 000037 正在爬取 8 条正文...
2026-04-18 17:27:14 - src.crawler.news_fetcher - INFO - ✅ 000037 新增 8 条
2026-04-18 17:27:14 - src.crawler.news_fetcher - INFO - 🆕 000039 爬取新闻列表...
2026-04-18 17:27:14 - src.crawler.news_fetcher - INFO - ⚡ 000039 正在爬取 10 条正文...
2026-04-18 17:27:15 - src.crawler.news_fetcher - INFO - ✅ 000039 新增 10 条
2026-04-18 17:27:16 - src.crawler.news_fetcher - INFO - 🆕 000042 爬取新闻列表...
2026-04-18 17:27:16 - src.crawler.news_fetcher - INFO - ⚡ 000042 正在爬取 7 条正文...
2026-04-18 17:27:17 - src.crawler.news_fetcher - INFO - ✅ 000042 新增 7 条
2026-04-18 17:27:17 - src.crawler.news_fetcher - INFO - 🆕 000045 爬取新闻列表...
2026-04-18 17:27:17 - src.crawler.news_fetcher - INFO - ⚡ 000045 正在爬取 4 条正文...
2026-04-18 17:27:18 - src.crawler.news_fetcher - INFO - ✅ 000045 新增 4 条
2026-04-18 17:27:19 - src.crawler.news_fetcher - INFO - 🆕 000048 爬取新闻列表...
2026-04-18 17:27:19 - src.crawler.news_fetcher - INFO - ⚡ 000048 正在爬取 10 条正文...
2026-04-18 17:27:20 - src.crawler.news_fetcher - INFO - ✅ 000048 新增 10 条
2026-04-18 17:27:20 - src.crawler.news_fetcher - INFO - 🆕 000049 爬取新闻列表...
2026-04-18 17:27:20 - src.crawler.news_fetcher - INFO - ⚡ 000049 正在爬取 8 条正文...
2026-04-18 17:27:21 - src.crawler.news_fetcher - INFO - ✅ 000049 新增 8 条
2026-04-18 17:27:22 - src.crawler.news_fetcher - INFO - 🆕 000050 爬取新闻列表...
2026-04-18 17:27:22 - src.crawler.news_fetcher - INFO - ⚡ 000050 正在爬取 5 条正文...
2026-04-18 17:27:23 - src.crawler.news_fetcher - INFO - ✅ 000050 新增 5 条
2026-04-18 17:27:23 - src.crawler.news_fetcher - INFO - 🆕 000055 爬取新闻列表...
2026-04-18 17:27:23 - src.crawler.news_fetcher - INFO - ⚡ 000055 正在爬取 9 条正文...
2026-04-18 17:27:24 - src.crawler.news_fetcher - INFO - ✅ 000055 新增 9 条
2026-04-18 17:27:25 - src.crawler.news_fetcher - INFO - 🆕 000056 爬取新闻列表...
2026-04-18 17:27:25 - src.crawler.news_fetcher - INFO - ⚡ 000056 正在爬取 6 条正文...
2026-04-18 17:27:26 - src.crawler.news_fetcher - INFO - ✅ 000056 新增 6 条
2026-04-18 17:27:26 - src.crawler.news_fetcher - INFO - 🆕 000058 爬取新闻列表...
2026-04-18 17:27:26 - src.crawler.news_fetcher - INFO - ⚡ 000058 正在爬取 7 条正文...
2026-04-18 17:27:27 - src.crawler.news_fetcher - INFO - ✅ 000058 新增 7 条
2026-04-18 17:27:28 - src.crawler.news_fetcher - INFO - 🆕 000059 爬取新闻列表...
2026-04-18 17:27:28 - src.crawler.news_fetcher - INFO - ⚡ 000059 正在爬取 10 条正文...
2026-04-18 17:27:29 - src.crawler.news_fetcher - INFO - ✅ 000059 新增 10 条
2026-04-18 17:27:29 - src.crawler.news_fetcher - INFO - 🆕 000060 爬取新闻列表...
2026-04-18 17:27:29 - src.crawler.news_fetcher - INFO - ⚡ 000060 正在爬取 9 条正文...
2026-04-18 17:27:30 - src.crawler.news_fetcher - INFO - ✅ 000060 新增 9 条
2026-04-18 17:27:31 - src.crawler.news_fetcher - INFO - 🆕 000061 爬取新闻列表...
2026-04-18 17:27:31 - src.crawler.news_fetcher - INFO - ⚡ 000061 正在爬取 10 条正文...
2026-04-18 17:27:32 - src.crawler.news_fetcher - INFO - ✅ 000061 新增 10 条
2026-04-18 17:27:32 - src.crawler.news_fetcher - INFO - 🆕 000062 爬取新闻列表...
2026-04-18 17:27:33 - src.crawler.news_fetcher - INFO - ⚡ 000062 正在爬取 8 条正文...
2026-04-18 17:27:34 - src.crawler.news_fetcher - INFO - ✅ 000062 新增 8 条
2026-04-18 17:27:34 - src.crawler.news_fetcher - INFO - 🆕 000063 爬取新闻列表...
2026-04-18 17:27:34 - src.crawler.news_fetcher - INFO - ⚡ 000063 正在爬取 10 条正文...
2026-04-18 17:27:35 - src.crawler.news_fetcher - INFO - ✅ 000063 新增 10 条
2026-04-18 17:27:36 - src.crawler.news_fetcher - INFO - 🆕 000065 爬取新闻列表...
2026-04-18 17:27:36 - src.crawler.news_fetcher - INFO - ⚡ 000065 正在爬取 8 条正文...
2026-04-18 17:27:37 - src.crawler.news_fetcher - INFO - ✅ 000065 新增 8 条
2026-04-18 17:27:37 - src.crawler.news_fetcher - INFO - 🆕 000066 爬取新闻列表...
2026-04-18 17:27:37 - src.crawler.news_fetcher - INFO - ⚡ 000066 正在爬取 5 条正文...
2026-04-18 17:27:38 - src.crawler.news_fetcher - INFO - ✅ 000066 新增 5 条
2026-04-18 17:27:38 - src.crawler.news_fetcher - INFO - 🆕 000068 爬取新闻列表...
2026-04-18 17:27:39 - src.crawler.news_fetcher - INFO - ⚡ 000068 正在爬取 10 条正文...
2026-04-18 17:27:40 - src.crawler.news_fetcher - INFO - ✅ 000068 新增 10 条
2026-04-18 17:27:40 - src.crawler.news_fetcher - INFO - 🆕 000069 爬取新闻列表...
2026-04-18 17:27:40 - src.crawler.news_fetcher - INFO - ⚡ 000069 正在爬取 7 条正文...
2026-04-18 17:27:41 - src.crawler.news_fetcher - INFO - ✅ 000069 新增 7 条
2026-04-18 17:27:41 - src.crawler.news_fetcher - INFO - 🆕 000070 爬取新闻列表...
2026-04-18 17:27:42 - src.crawler.news_fetcher - INFO - ⚡ 000070 正在爬取 10 条正文...
2026-04-18 17:27:43 - src.crawler.news_fetcher - INFO - ✅ 000070 新增 10 条
2026-04-18 17:27:43 - src.crawler.news_fetcher - INFO - 🆕 000078 爬取新闻列表...
2026-04-18 17:27:43 - src.crawler.news_fetcher - INFO - ⚡ 000078 正在爬取 9 条正文...
2026-04-18 17:27:44 - src.crawler.news_fetcher - INFO - ✅ 000078 新增 9 条
2026-04-18 17:27:45 - src.crawler.news_fetcher - INFO - 🆕 001872 爬取新闻列表...
2026-04-18 17:27:45 - src.crawler.news_fetcher - INFO - ⚡ 001872 正在爬取 7 条正文...
2026-04-18 17:27:46 - src.crawler.news_fetcher - INFO - ✅ 001872 新增 7 条
2026-04-18 17:27:46 - src.crawler.news_fetcher - INFO - 🆕 001914 爬取新闻列表...
2026-04-18 17:27:46 - src.crawler.news_fetcher - INFO - ⚡ 001914 正在爬取 7 条正文...
2026-04-18 17:27:48 - src.crawler.news_fetcher - INFO - ✅ 001914 新增 7 条
2026-04-18 17:27:49 - src.storage.data_handler - INFO - 
🎉 本次新增: 415 条 | 总计: 415 条 (Excel)
2026-04-18 17:27:49 - src.storage.record_manager - INFO - 📝 已更新 49 条爬取记录
2026-04-18 17:27:49 - stock_crawler - INFO - 
✅ 全部完成！
2026-04-18 17:27:49 - stock_crawler - INFO - ==================================================
